Arguments: 
  /usr/bin/node /usr/share/yarn/bin/yarn.js install

PATH: 
  /home/guillaume/bin:/home/guillaume/.local/bin:/home/guillaume/bin:/home/guillaume/.local/bin:/usr/local/sbin:/usr/local/bin:/usr/sbin:/usr/bin:/sbin:/bin:/usr/games:/usr/local/games:/snap/bin:/snap/bin

Yarn version: 
  1.3.2

Node version: 
  8.9.2

Platform: 
  linux x64

npm manifest: 
  {
    "name": "mybot",
    "version": "1.0.0",
    "description": "",
    "main": "index.js",
    "scripts": {
      "test": "echo \"Error: no test specified\" && exit 1"
    },
    "author": "guillaume landriu",
    "license": "ISC",
    "dependencies": {
      "botkit": "^0.6.13"
    }
  }

yarn manifest: 
  No manifest

Lockfile: 
  No lockfile

Trace: 
  Error: Hostname/IP doesn't match certificate's altnames: "Host: registry.yarnpkg.com. is not in the cert's altnames: DNS:login.netinary.net"
      at Object.checkServerIdentity (tls.js:222:17)
      at TLSSocket.<anonymous> (_tls_wrap.js:1109:29)
      at emitNone (events.js:106:13)
      at TLSSocket.emit (events.js:208:7)
      at TLSSocket._finishInit (_tls_wrap.js:637:8)
      at TLSWrap.ssl.onhandshakedone (_tls_wrap.js:467:38)
